{"meta": {"format": 3, "version": "7.6.9", "timestamp": "2024-12-14T00:08:40.747905", "branch_coverage": false, "show_contexts": false}, "files": {"src\\ellipsoid\\__init__.py": {"executed_lines": [0], "summary": {"covered_lines": 0, "num_statements": 0, "percent_covered": 100.0, "percent_covered_display": "100", "missing_lines": 0, "excluded_lines": 0}, "missing_lines": [], "excluded_lines": [], "functions": {"": {"executed_lines": [], "summary": {"covered_lines": 0, "num_statements": 0, "percent_covered": 100.0, "percent_covered_display": "100", "missing_lines": 0, "excluded_lines": 0}, "missing_lines": [], "excluded_lines": []}}, "classes": {"": {"executed_lines": [], "summary": {"covered_lines": 0, "num_statements": 0, "percent_covered": 100.0, "percent_covered_display": "100", "missing_lines": 0, "excluded_lines": 0}, "missing_lines": [], "excluded_lines": []}}}, "src\\ellipsoid\\projec_ellipse.py": {"executed_lines": [1, 2, 4, 17, 18, 19, 21, 22, 23, 25, 27, 38, 39, 40, 41, 42, 43, 45, 57, 58, 59, 60, 61, 62, 63, 64, 65, 68], "summary": {"covered_lines": 27, "num_statements": 27, "percent_covered": 100.0, "percent_covered_display": "100", "missing_lines": 0, "excluded_lines": 16}, "missing_lines": [], "excluded_lines": [68, 70, 71, 74, 75, 76, 77, 80, 81, 84, 87, 90, 91, 94, 104, 105], "functions": {"generate_ellipsoid": {"executed_lines": [17, 18, 19, 21, 22, 23, 25], "summary": {"covered_lines": 7, "num_statements": 7, "percent_covered": 100.0, "percent_covered_display": "100", "missing_lines": 0, "excluded_lines": 0}, "missing_lines": [], "excluded_lines": []}, "plot_ellipsoid": {"executed_lines": [38, 39, 40, 41, 42, 43], "summary": {"covered_lines": 6, "num_statements": 6, "percent_covered": 100.0, "percent_covered_display": "100", "missing_lines": 0, "excluded_lines": 0}, "missing_lines": [], "excluded_lines": []}, "generate_orbit": {"executed_lines": [57, 58, 59, 60, 61, 62, 63, 64, 65], "summary": {"covered_lines": 9, "num_statements": 9, "percent_covered": 100.0, "percent_covered_display": "100", "missing_lines": 0, "excluded_lines": 0}, "missing_lines": [], "excluded_lines": []}, "": {"executed_lines": [1, 2, 4, 27, 45, 68], "summary": {"covered_lines": 5, "num_statements": 5, "percent_covered": 100.0, "percent_covered_display": "100", "missing_lines": 0, "excluded_lines": 16}, "missing_lines": [], "excluded_lines": [68, 70, 71, 74, 75, 76, 77, 80, 81, 84, 87, 90, 91, 94, 104, 105]}}, "classes": {"": {"executed_lines": [1, 2, 4, 17, 18, 19, 21, 22, 23, 25, 27, 38, 39, 40, 41, 42, 43, 45, 57, 58, 59, 60, 61, 62, 63, 64, 65, 68], "summary": {"covered_lines": 27, "num_statements": 27, "percent_covered": 100.0, "percent_covered_display": "100", "missing_lines": 0, "excluded_lines": 16}, "missing_lines": [], "excluded_lines": [68, 70, 71, 74, 75, 76, 77, 80, 81, 84, 87, 90, 91, 94, 104, 105]}}}}, "totals": {"covered_lines": 27, "num_statements": 27, "percent_covered": 100.0, "percent_covered_display": "100", "missing_lines": 0, "excluded_lines": 16}}